<?xml version="1.0" encoding="UTF-8"?>
<!-- Generated by org.testng.reporters.JUnitReportReporter -->
<testsuite name="tests.WebPageSourceTests" tests="2" time="1.368" ignored="0" failures="0" timestamp="07 Nov 2017 05:53:37 GMT" skipped="0" hostname="anik" errors="0">
  <testcase name="displayItems" time="0.296" classname="tests.WebPageSourceTests"/>
  <testcase name="storFoodItemsAndServings" time="1.072" classname="tests.WebPageSourceTests"/>
</testsuite> <!-- tests.WebPageSourceTests -->
