<?xml version="1.0" encoding="UTF-8"?>
<!-- Generated by org.testng.reporters.JUnitReportReporter -->
<testsuite skipped="0" hostname="DESKTOP-IMBF9OD" name="tests.WebTestsInTestNG" tests="2" failures="0" timestamp="07 Nov 2017 23:09:59 GMT" time="1.454" errors="0">
  <testcase name="displayItems" time="0.850" classname="tests.WebTestsInTestNG"/>
  <testcase name="storFoodItemsAndServings" time="0.604" classname="tests.WebTestsInTestNG"/>
</testsuite> <!-- tests.WebTestsInTestNG -->
