<?xml version="1.0" encoding="UTF-8"?>
<!-- Generated by org.testng.reporters.JUnitReportReporter -->
<testsuite name="tests.MyTests" tests="2" time="1.593" ignored="0" failures="0" timestamp="06 Nov 2017 06:59:36 GMT" skipped="0" hostname="anik" errors="0">
  <testcase name="displayItems" time="0.323" classname="tests.MyTests"/>
  <testcase name="storFoodItemsAndServings" time="1.270" classname="tests.MyTests"/>
</testsuite> <!-- tests.MyTests -->
